{"/home/runner/work/Demon/Demon/src/plugins/appChatService/strategies/local/index.js": {"path":"/home/runner/work/Demon/Demon/src/plugins/appChatService/strategies/local/index.js","statementMap":{"0":{"start":{"line":5,"column":15},"end":{"line":5,"column":57}},"1":{"start":{"line":6,"column":23},"end":{"line":6,"column":65}},"2":{"start":{"line":7,"column":15},"end":{"line":7,"column":50}},"3":{"start":{"line":13,"column":15},"end":{"line":13,"column":43}},"4":{"start":{"line":19,"column":18},"end":{"line":19,"column":27}},"5":{"start":{"line":20,"column":19},"end":{"line":20,"column":26}},"6":{"start":{"line":21,"column":27},"end":{"line":21,"column":32}},"7":{"start":{"line":22,"column":28},"end":{"line":22,"column":31}},"8":{"start":{"line":23,"column":27},"end":{"line":23,"column":32}},"9":{"start":{"line":24,"column":17},"end":{"line":24,"column":19}},"10":{"start":{"line":25,"column":17},"end":{"line":25,"column":22}},"11":{"start":{"line":31,"column":19},"end":{"line":31,"column":21}},"12":{"start":{"line":32,"column":19},"end":{"line":32,"column":24}},"13":{"start":{"line":38,"column":23},"end":{"line":43,"column":1}},"14":{"start":{"line":50,"column":2},"end":{"line":50,"column":43}},"15":{"start":{"line":50,"column":33},"end":{"line":50,"column":43}},"16":{"start":{"line":51,"column":2},"end":{"line":51,"column":22}},"17":{"start":{"line":55,"column":2},"end":{"line":57,"column":3}},"18":{"start":{"line":56,"column":4},"end":{"line":56,"column":66}},"19":{"start":{"line":58,"column":2},"end":{"line":60,"column":3}},"20":{"start":{"line":59,"column":4},"end":{"line":59,"column":81}},"21":{"start":{"line":61,"column":2},"end":{"line":63,"column":3}},"22":{"start":{"line":62,"column":4},"end":{"line":62,"column":79}},"23":{"start":{"line":64,"column":2},"end":{"line":64,"column":25}},"24":{"start":{"line":72,"column":18},"end":{"line":72,"column":67}},"25":{"start":{"line":73,"column":2},"end":{"line":73,"column":50}},"26":{"start":{"line":81,"column":2},"end":{"line":83,"column":3}},"27":{"start":{"line":82,"column":4},"end":{"line":82,"column":11}},"28":{"start":{"line":85,"column":2},"end":{"line":85,"column":22}},"29":{"start":{"line":86,"column":60},"end":{"line":86,"column":80}},"30":{"start":{"line":88,"column":2},"end":{"line":97,"column":3}},"31":{"start":{"line":89,"column":19},"end":{"line":89,"column":84}},"32":{"start":{"line":90,"column":4},"end":{"line":90,"column":20}},"33":{"start":{"line":92,"column":4},"end":{"line":92,"column":16}},"34":{"start":{"line":94,"column":4},"end":{"line":94,"column":25}},"35":{"start":{"line":96,"column":4},"end":{"line":96,"column":45}},"36":{"start":{"line":96,"column":23},"end":{"line":96,"column":43}},"37":{"start":{"line":105,"column":2},"end":{"line":108,"column":5}},"38":{"start":{"line":106,"column":4},"end":{"line":106,"column":73}},"39":{"start":{"line":107,"column":4},"end":{"line":107,"column":25}},"40":{"start":{"line":116,"column":2},"end":{"line":217,"column":5}},"41":{"start":{"line":117,"column":17},"end":{"line":117,"column":19}},"42":{"start":{"line":118,"column":19},"end":{"line":118,"column":24}},"43":{"start":{"line":119,"column":20},"end":{"line":119,"column":24}},"44":{"start":{"line":125,"column":20},"end":{"line":131,"column":5}},"45":{"start":{"line":126,"column":6},"end":{"line":126,"column":45}},"46":{"start":{"line":126,"column":21},"end":{"line":126,"column":45}},"47":{"start":{"line":127,"column":6},"end":{"line":127,"column":33}},"48":{"start":{"line":128,"column":6},"end":{"line":128,"column":31}},"49":{"start":{"line":129,"column":6},"end":{"line":129,"column":35}},"50":{"start":{"line":130,"column":6},"end":{"line":130,"column":35}},"51":{"start":{"line":137,"column":19},"end":{"line":140,"column":5}},"52":{"start":{"line":138,"column":6},"end":{"line":138,"column":27}},"53":{"start":{"line":138,"column":20},"end":{"line":138,"column":27}},"54":{"start":{"line":139,"column":6},"end":{"line":139,"column":28}},"55":{"start":{"line":146,"column":18},"end":{"line":151,"column":5}},"56":{"start":{"line":147,"column":6},"end":{"line":147,"column":27}},"57":{"start":{"line":147,"column":20},"end":{"line":147,"column":27}},"58":{"start":{"line":148,"column":6},"end":{"line":148,"column":22}},"59":{"start":{"line":149,"column":6},"end":{"line":149,"column":16}},"60":{"start":{"line":150,"column":6},"end":{"line":150,"column":22}},"61":{"start":{"line":157,"column":20},"end":{"line":162,"column":5}},"62":{"start":{"line":158,"column":6},"end":{"line":158,"column":27}},"63":{"start":{"line":158,"column":20},"end":{"line":158,"column":27}},"64":{"start":{"line":159,"column":6},"end":{"line":159,"column":22}},"65":{"start":{"line":160,"column":6},"end":{"line":160,"column":16}},"66":{"start":{"line":161,"column":6},"end":{"line":161,"column":43}},"67":{"start":{"line":168,"column":20},"end":{"line":173,"column":5}},"68":{"start":{"line":169,"column":6},"end":{"line":169,"column":27}},"69":{"start":{"line":169,"column":20},"end":{"line":169,"column":27}},"70":{"start":{"line":170,"column":6},"end":{"line":170,"column":22}},"71":{"start":{"line":171,"column":6},"end":{"line":171,"column":16}},"72":{"start":{"line":172,"column":6},"end":{"line":172,"column":36}},"73":{"start":{"line":179,"column":4},"end":{"line":179,"column":30}},"74":{"start":{"line":180,"column":4},"end":{"line":180,"column":28}},"75":{"start":{"line":181,"column":4},"end":{"line":181,"column":32}},"76":{"start":{"line":182,"column":4},"end":{"line":182,"column":32}},"77":{"start":{"line":188,"column":4},"end":{"line":204,"column":18}},"78":{"start":{"line":189,"column":6},"end":{"line":189,"column":27}},"79":{"start":{"line":189,"column":20},"end":{"line":189,"column":27}},"80":{"start":{"line":190,"column":6},"end":{"line":190,"column":22}},"81":{"start":{"line":193,"column":6},"end":{"line":200,"column":7}},"82":{"start":{"line":194,"column":8},"end":{"line":199,"column":9}},"83":{"start":{"line":195,"column":10},"end":{"line":195,"column":24}},"84":{"start":{"line":198,"column":10},"end":{"line":198,"column":92}},"85":{"start":{"line":202,"column":6},"end":{"line":202,"column":16}},"86":{"start":{"line":203,"column":6},"end":{"line":203,"column":36}},"87":{"start":{"line":210,"column":4},"end":{"line":216,"column":5}},"88":{"start":{"line":211,"column":6},"end":{"line":211,"column":37}},"89":{"start":{"line":213,"column":6},"end":{"line":213,"column":22}},"90":{"start":{"line":214,"column":6},"end":{"line":214,"column":16}},"91":{"start":{"line":215,"column":6},"end":{"line":215,"column":18}},"92":{"start":{"line":225,"column":20},"end":{"line":225,"column":67}},"93":{"start":{"line":226,"column":2},"end":{"line":226,"column":54}},"94":{"start":{"line":234,"column":2},"end":{"line":277,"column":4}},"95":{"start":{"line":239,"column":4},"end":{"line":241,"column":5}},"96":{"start":{"line":240,"column":6},"end":{"line":240,"column":41}},"97":{"start":{"line":247,"column":4},"end":{"line":250,"column":5}},"98":{"start":{"line":248,"column":6},"end":{"line":248,"column":58}},"99":{"start":{"line":249,"column":6},"end":{"line":249,"column":41}},"100":{"start":{"line":256,"column":21},"end":{"line":256,"column":56}},"101":{"start":{"line":257,"column":20},"end":{"line":257,"column":54}},"102":{"start":{"line":258,"column":23},"end":{"line":258,"column":55}},"103":{"start":{"line":259,"column":4},"end":{"line":262,"column":5}},"104":{"start":{"line":260,"column":6},"end":{"line":260,"column":66}},"105":{"start":{"line":261,"column":6},"end":{"line":261,"column":65}},"106":{"start":{"line":268,"column":4},"end":{"line":276,"column":5}},"107":{"start":{"line":269,"column":27},"end":{"line":271,"column":8}},"108":{"start":{"line":272,"column":6},"end":{"line":272,"column":61}},"109":{"start":{"line":274,"column":6},"end":{"line":274,"column":71}},"110":{"start":{"line":275,"column":6},"end":{"line":275,"column":41}},"111":{"start":{"line":280,"column":0},"end":{"line":370,"column":2}},"112":{"start":{"line":291,"column":4},"end":{"line":294,"column":5}},"113":{"start":{"line":292,"column":6},"end":{"line":292,"column":52}},"114":{"start":{"line":293,"column":6},"end":{"line":293,"column":18}},"115":{"start":{"line":300,"column":4},"end":{"line":317,"column":5}},"116":{"start":{"line":301,"column":22},"end":{"line":301,"column":43}},"117":{"start":{"line":302,"column":21},"end":{"line":306,"column":8}},"118":{"start":{"line":307,"column":6},"end":{"line":310,"column":7}},"119":{"start":{"line":308,"column":8},"end":{"line":308,"column":49}},"120":{"start":{"line":309,"column":8},"end":{"line":309,"column":21}},"121":{"start":{"line":311,"column":6},"end":{"line":311,"column":24}},"122":{"start":{"line":312,"column":6},"end":{"line":312,"column":46}},"123":{"start":{"line":313,"column":6},"end":{"line":313,"column":18}},"124":{"start":{"line":315,"column":6},"end":{"line":315,"column":67}},"125":{"start":{"line":316,"column":6},"end":{"line":316,"column":19}},"126":{"start":{"line":328,"column":4},"end":{"line":330,"column":5}},"127":{"start":{"line":329,"column":6},"end":{"line":329,"column":18}},"128":{"start":{"line":332,"column":4},"end":{"line":343,"column":5}},"129":{"start":{"line":333,"column":21},"end":{"line":333,"column":103}},"130":{"start":{"line":334,"column":6},"end":{"line":337,"column":7}},"131":{"start":{"line":335,"column":8},"end":{"line":335,"column":56}},"132":{"start":{"line":336,"column":8},"end":{"line":336,"column":21}},"133":{"start":{"line":338,"column":6},"end":{"line":338,"column":25}},"134":{"start":{"line":339,"column":6},"end":{"line":339,"column":18}},"135":{"start":{"line":341,"column":6},"end":{"line":341,"column":69}},"136":{"start":{"line":342,"column":6},"end":{"line":342,"column":19}},"137":{"start":{"line":355,"column":4},"end":{"line":355,"column":25}},"138":{"start":{"line":356,"column":4},"end":{"line":356,"column":32}},"139":{"start":{"line":368,"column":4},"end":{"line":368,"column":30}}},"fnMap":{"0":{"name":"normalizeString","decl":{"start":{"line":49,"column":9},"end":{"line":49,"column":24}},"loc":{"start":{"line":49,"column":32},"end":{"line":52,"column":1}},"line":49},"1":{"name":"validateInput","decl":{"start":{"line":54,"column":9},"end":{"line":54,"column":22}},"loc":{"start":{"line":54,"column":42},"end":{"line":65,"column":1}},"line":54},"2":{"name":"sendErrorResponse","decl":{"start":{"line":71,"column":9},"end":{"line":71,"column":26}},"loc":{"start":{"line":71,"column":44},"end":{"line":74,"column":1}},"line":71},"3":{"name":"processNextRequest","decl":{"start":{"line":80,"column":15},"end":{"line":80,"column":33}},"loc":{"start":{"line":80,"column":36},"end":{"line":98,"column":1}},"line":80},"4":{"name":"(anonymous_4)","decl":{"start":{"line":96,"column":17},"end":{"line":96,"column":18}},"loc":{"start":{"line":96,"column":23},"end":{"line":96,"column":43}},"line":96},"5":{"name":"enqueueRequest","decl":{"start":{"line":104,"column":9},"end":{"line":104,"column":23}},"loc":{"start":{"line":104,"column":54},"end":{"line":109,"column":1}},"line":104},"6":{"name":"(anonymous_6)","decl":{"start":{"line":105,"column":21},"end":{"line":105,"column":22}},"loc":{"start":{"line":105,"column":42},"end":{"line":108,"column":3}},"line":105},"7":{"name":"collectTalkerResponseInternal","decl":{"start":{"line":115,"column":9},"end":{"line":115,"column":38}},"loc":{"start":{"line":115,"column":69},"end":{"line":218,"column":1}},"line":115},"8":{"name":"(anonymous_8)","decl":{"start":{"line":116,"column":21},"end":{"line":116,"column":22}},"loc":{"start":{"line":116,"column":42},"end":{"line":217,"column":3}},"line":116},"9":{"name":"(anonymous_9)","decl":{"start":{"line":125,"column":20},"end":{"line":125,"column":21}},"loc":{"start":{"line":125,"column":26},"end":{"line":131,"column":5}},"line":125},"10":{"name":"(anonymous_10)","decl":{"start":{"line":137,"column":19},"end":{"line":137,"column":20}},"loc":{"start":{"line":137,"column":30},"end":{"line":140,"column":5}},"line":137},"11":{"name":"(anonymous_11)","decl":{"start":{"line":146,"column":18},"end":{"line":146,"column":19}},"loc":{"start":{"line":146,"column":24},"end":{"line":151,"column":5}},"line":146},"12":{"name":"(anonymous_12)","decl":{"start":{"line":157,"column":20},"end":{"line":157,"column":21}},"loc":{"start":{"line":157,"column":29},"end":{"line":162,"column":5}},"line":157},"13":{"name":"(anonymous_13)","decl":{"start":{"line":168,"column":20},"end":{"line":168,"column":21}},"loc":{"start":{"line":168,"column":26},"end":{"line":173,"column":5}},"line":168},"14":{"name":"(anonymous_14)","decl":{"start":{"line":188,"column":27},"end":{"line":188,"column":28}},"loc":{"start":{"line":188,"column":33},"end":{"line":204,"column":5}},"line":188},"15":{"name":"collectTalkerResponse","decl":{"start":{"line":224,"column":9},"end":{"line":224,"column":30}},"loc":{"start":{"line":224,"column":64},"end":{"line":227,"column":1}},"line":224},"16":{"name":"buildRequestHandler","decl":{"start":{"line":233,"column":9},"end":{"line":233,"column":28}},"loc":{"start":{"line":233,"column":31},"end":{"line":278,"column":1}},"line":233},"17":{"name":"(anonymous_17)","decl":{"start":{"line":234,"column":9},"end":{"line":234,"column":10}},"loc":{"start":{"line":234,"column":29},"end":{"line":277,"column":3}},"line":234},"18":{"name":"(anonymous_18)","decl":{"start":{"line":286,"column":2},"end":{"line":286,"column":3}},"loc":{"start":{"line":286,"column":29},"end":{"line":318,"column":3}},"line":286},"19":{"name":"(anonymous_19)","decl":{"start":{"line":323,"column":2},"end":{"line":323,"column":3}},"loc":{"start":{"line":323,"column":18},"end":{"line":344,"column":3}},"line":323},"20":{"name":"(anonymous_20)","decl":{"start":{"line":350,"column":2},"end":{"line":350,"column":3}},"loc":{"start":{"line":350,"column":30},"end":{"line":357,"column":3}},"line":350},"21":{"name":"(anonymous_21)","decl":{"start":{"line":363,"column":2},"end":{"line":363,"column":3}},"loc":{"start":{"line":363,"column":16},"end":{"line":369,"column":3}},"line":363}},"branchMap":{"0":{"loc":{"start":{"line":50,"column":2},"end":{"line":50,"column":43}},"type":"if","locations":[{"start":{"line":50,"column":2},"end":{"line":50,"column":43}},{"start":{},"end":{}}],"line":50},"1":{"loc":{"start":{"line":55,"column":2},"end":{"line":57,"column":3}},"type":"if","locations":[{"start":{"line":55,"column":2},"end":{"line":57,"column":3}},{"start":{},"end":{}}],"line":55},"2":{"loc":{"start":{"line":55,"column":6},"end":{"line":55,"column":27}},"type":"binary-expr","locations":[{"start":{"line":55,"column":6},"end":{"line":55,"column":15}},{"start":{"line":55,"column":19},"end":{"line":55,"column":27}}],"line":55},"3":{"loc":{"start":{"line":58,"column":2},"end":{"line":60,"column":3}},"type":"if","locations":[{"start":{"line":58,"column":2},"end":{"line":60,"column":3}},{"start":{},"end":{}}],"line":58},"4":{"loc":{"start":{"line":61,"column":2},"end":{"line":63,"column":3}},"type":"if","locations":[{"start":{"line":61,"column":2},"end":{"line":63,"column":3}},{"start":{},"end":{}}],"line":61},"5":{"loc":{"start":{"line":72,"column":18},"end":{"line":72,"column":67}},"type":"binary-expr","locations":[{"start":{"line":72,"column":18},"end":{"line":72,"column":44}},{"start":{"line":72,"column":48},"end":{"line":72,"column":67}}],"line":72},"6":{"loc":{"start":{"line":81,"column":2},"end":{"line":83,"column":3}},"type":"if","locations":[{"start":{"line":81,"column":2},"end":{"line":83,"column":3}},{"start":{},"end":{}}],"line":81},"7":{"loc":{"start":{"line":81,"column":6},"end":{"line":81,"column":47}},"type":"binary-expr","locations":[{"start":{"line":81,"column":6},"end":{"line":81,"column":18}},{"start":{"line":81,"column":22},"end":{"line":81,"column":47}}],"line":81},"8":{"loc":{"start":{"line":126,"column":6},"end":{"line":126,"column":45}},"type":"if","locations":[{"start":{"line":126,"column":6},"end":{"line":126,"column":45}},{"start":{},"end":{}}],"line":126},"9":{"loc":{"start":{"line":138,"column":6},"end":{"line":138,"column":27}},"type":"if","locations":[{"start":{"line":138,"column":6},"end":{"line":138,"column":27}},{"start":{},"end":{}}],"line":138},"10":{"loc":{"start":{"line":139,"column":16},"end":{"line":139,"column":27}},"type":"binary-expr","locations":[{"start":{"line":139,"column":16},"end":{"line":139,"column":21}},{"start":{"line":139,"column":25},"end":{"line":139,"column":27}}],"line":139},"11":{"loc":{"start":{"line":147,"column":6},"end":{"line":147,"column":27}},"type":"if","locations":[{"start":{"line":147,"column":6},"end":{"line":147,"column":27}},{"start":{},"end":{}}],"line":147},"12":{"loc":{"start":{"line":158,"column":6},"end":{"line":158,"column":27}},"type":"if","locations":[{"start":{"line":158,"column":6},"end":{"line":158,"column":27}},{"start":{},"end":{}}],"line":158},"13":{"loc":{"start":{"line":161,"column":13},"end":{"line":161,"column":41}},"type":"binary-expr","locations":[{"start":{"line":161,"column":13},"end":{"line":161,"column":16}},{"start":{"line":161,"column":20},"end":{"line":161,"column":41}}],"line":161},"14":{"loc":{"start":{"line":169,"column":6},"end":{"line":169,"column":27}},"type":"if","locations":[{"start":{"line":169,"column":6},"end":{"line":169,"column":27}},{"start":{},"end":{}}],"line":169},"15":{"loc":{"start":{"line":189,"column":6},"end":{"line":189,"column":27}},"type":"if","locations":[{"start":{"line":189,"column":6},"end":{"line":189,"column":27}},{"start":{},"end":{}}],"line":189},"16":{"loc":{"start":{"line":193,"column":6},"end":{"line":200,"column":7}},"type":"if","locations":[{"start":{"line":193,"column":6},"end":{"line":200,"column":7}},{"start":{},"end":{}}],"line":193},"17":{"loc":{"start":{"line":198,"column":60},"end":{"line":198,"column":88}},"type":"binary-expr","locations":[{"start":{"line":198,"column":60},"end":{"line":198,"column":76}},{"start":{"line":198,"column":80},"end":{"line":198,"column":88}}],"line":198},"18":{"loc":{"start":{"line":224,"column":50},"end":{"line":224,"column":62}},"type":"default-arg","locations":[{"start":{"line":224,"column":60},"end":{"line":224,"column":62}}],"line":224},"19":{"loc":{"start":{"line":225,"column":20},"end":{"line":225,"column":67}},"type":"binary-expr","locations":[{"start":{"line":225,"column":20},"end":{"line":225,"column":45}},{"start":{"line":225,"column":49},"end":{"line":225,"column":67}}],"line":225},"20":{"loc":{"start":{"line":239,"column":4},"end":{"line":241,"column":5}},"type":"if","locations":[{"start":{"line":239,"column":4},"end":{"line":241,"column":5}},{"start":{},"end":{}}],"line":239},"21":{"loc":{"start":{"line":247,"column":4},"end":{"line":250,"column":5}},"type":"if","locations":[{"start":{"line":247,"column":4},"end":{"line":250,"column":5}},{"start":{},"end":{}}],"line":247},"22":{"loc":{"start":{"line":259,"column":4},"end":{"line":262,"column":5}},"type":"if","locations":[{"start":{"line":259,"column":4},"end":{"line":262,"column":5}},{"start":{},"end":{}}],"line":259},"23":{"loc":{"start":{"line":274,"column":49},"end":{"line":274,"column":67}},"type":"binary-expr","locations":[{"start":{"line":274,"column":49},"end":{"line":274,"column":60}},{"start":{"line":274,"column":64},"end":{"line":274,"column":67}}],"line":274},"24":{"loc":{"start":{"line":286,"column":15},"end":{"line":286,"column":27}},"type":"default-arg","locations":[{"start":{"line":286,"column":25},"end":{"line":286,"column":27}}],"line":286},"25":{"loc":{"start":{"line":291,"column":4},"end":{"line":294,"column":5}},"type":"if","locations":[{"start":{"line":291,"column":4},"end":{"line":294,"column":5}},{"start":{},"end":{}}],"line":291},"26":{"loc":{"start":{"line":307,"column":6},"end":{"line":310,"column":7}},"type":"if","locations":[{"start":{"line":307,"column":6},"end":{"line":310,"column":7}},{"start":{},"end":{}}],"line":307},"27":{"loc":{"start":{"line":315,"column":45},"end":{"line":315,"column":63}},"type":"binary-expr","locations":[{"start":{"line":315,"column":45},"end":{"line":315,"column":56}},{"start":{"line":315,"column":60},"end":{"line":315,"column":63}}],"line":315},"28":{"loc":{"start":{"line":328,"column":4},"end":{"line":330,"column":5}},"type":"if","locations":[{"start":{"line":328,"column":4},"end":{"line":330,"column":5}},{"start":{},"end":{}}],"line":328},"29":{"loc":{"start":{"line":334,"column":6},"end":{"line":337,"column":7}},"type":"if","locations":[{"start":{"line":334,"column":6},"end":{"line":337,"column":7}},{"start":{},"end":{}}],"line":334},"30":{"loc":{"start":{"line":341,"column":47},"end":{"line":341,"column":65}},"type":"binary-expr","locations":[{"start":{"line":341,"column":47},"end":{"line":341,"column":58}},{"start":{"line":341,"column":62},"end":{"line":341,"column":65}}],"line":341},"31":{"loc":{"start":{"line":350,"column":16},"end":{"line":350,"column":28}},"type":"default-arg","locations":[{"start":{"line":350,"column":26},"end":{"line":350,"column":28}}],"line":350},"32":{"loc":{"start":{"line":368,"column":11},"end":{"line":368,"column":29}},"type":"cond-expr","locations":[{"start":{"line":368,"column":24},"end":{"line":368,"column":25}},{"start":{"line":368,"column":28},"end":{"line":368,"column":29}}],"line":368}},"s":{"0":25,"1":25,"2":25,"3":25,"4":25,"5":25,"6":25,"7":25,"8":25,"9":25,"10":25,"11":25,"12":25,"13":25,"14":24,"15":1,"16":23,"17":12,"18":3,"19":9,"20":1,"21":8,"22":1,"23":7,"24":5,"25":5,"26":14,"27":7,"28":7,"29":7,"30":7,"31":7,"32":4,"33":3,"34":7,"35":7,"36":7,"37":7,"38":7,"39":7,"40":7,"41":7,"42":7,"43":7,"44":7,"45":7,"46":7,"47":7,"48":7,"49":7,"50":7,"51":7,"52":5,"53":0,"54":5,"55":7,"56":4,"57":0,"58":4,"59":4,"60":4,"61":7,"62":1,"63":0,"64":1,"65":1,"66":1,"67":7,"68":1,"69":0,"70":1,"71":1,"72":1,"73":7,"74":7,"75":7,"76":7,"77":7,"78":0,"79":0,"80":0,"81":0,"82":0,"83":0,"84":0,"85":0,"86":0,"87":7,"88":7,"89":1,"90":1,"91":1,"92":7,"93":7,"94":22,"95":14,"96":1,"97":13,"98":1,"99":1,"100":12,"101":12,"102":12,"103":12,"104":5,"105":5,"106":7,"107":7,"108":4,"109":3,"110":3,"111":25,"112":23,"113":1,"114":1,"115":22,"116":22,"117":22,"118":21,"119":1,"120":1,"121":20,"122":20,"123":20,"124":1,"125":1,"126":6,"127":2,"128":4,"129":4,"130":3,"131":2,"132":2,"133":1,"134":1,"135":1,"136":1,"137":1,"138":1,"139":2},"f":{"0":24,"1":12,"2":5,"3":14,"4":7,"5":7,"6":7,"7":7,"8":7,"9":7,"10":5,"11":4,"12":1,"13":1,"14":0,"15":7,"16":22,"17":14,"18":23,"19":6,"20":1,"21":2},"b":{"0":[1,23],"1":[3,9],"2":[12,11],"3":[1,8],"4":[1,7],"5":[5,0],"6":[7,7],"7":[14,13],"8":[7,0],"9":[0,5],"10":[5,0],"11":[0,4],"12":[0,1],"13":[1,0],"14":[0,1],"15":[0,0],"16":[0,0],"17":[0,0],"18":[0],"19":[7,0],"20":[1,13],"21":[1,12],"22":[5,7],"23":[3,0],"24":[22],"25":[1,22],"26":[1,20],"27":[1,0],"28":[2,4],"29":[2,1],"30":[1,0],"31":[1],"32":[1,1]},"_coverageSchema":"1a1c01bbd47fc00a2c39e90264f33305004495a9","hash":"de51ac04bd490e04155428c10dcfae44d8a2bc3a"}
}
