TN:
SF:src/plugins/appChatService/strategies/local/index.js
FN:49,normalizeString
FN:54,validateInput
FN:71,sendErrorResponse
FN:80,processNextRequest
FN:96,(anonymous_4)
FN:104,enqueueRequest
FN:105,(anonymous_6)
FN:115,collectTalkerResponseInternal
FN:116,(anonymous_8)
FN:125,(anonymous_9)
FN:137,(anonymous_10)
FN:146,(anonymous_11)
FN:157,(anonymous_12)
FN:168,(anonymous_13)
FN:188,(anonymous_14)
FN:224,collectTalkerResponse
FN:233,buildRequestHandler
FN:234,(anonymous_17)
FN:286,(anonymous_18)
FN:323,(anonymous_19)
FN:350,(anonymous_20)
FN:363,(anonymous_21)
FNF:22
FNH:21
FNDA:24,normalizeString
FNDA:12,validateInput
FNDA:5,sendErrorResponse
FNDA:14,processNextRequest
FNDA:7,(anonymous_4)
FNDA:7,enqueueRequest
FNDA:7,(anonymous_6)
FNDA:7,collectTalkerResponseInternal
FNDA:7,(anonymous_8)
FNDA:7,(anonymous_9)
FNDA:5,(anonymous_10)
FNDA:4,(anonymous_11)
FNDA:1,(anonymous_12)
FNDA:1,(anonymous_13)
FNDA:0,(anonymous_14)
FNDA:7,collectTalkerResponse
FNDA:22,buildRequestHandler
FNDA:14,(anonymous_17)
FNDA:23,(anonymous_18)
FNDA:6,(anonymous_19)
FNDA:1,(anonymous_20)
FNDA:2,(anonymous_21)
DA:5,25
DA:6,25
DA:7,25
DA:13,25
DA:19,25
DA:20,25
DA:21,25
DA:22,25
DA:23,25
DA:24,25
DA:25,25
DA:31,25
DA:32,25
DA:38,25
DA:50,24
DA:51,23
DA:55,12
DA:56,3
DA:58,9
DA:59,1
DA:61,8
DA:62,1
DA:64,7
DA:72,5
DA:73,5
DA:81,14
DA:82,7
DA:85,7
DA:86,7
DA:88,7
DA:89,7
DA:90,4
DA:92,3
DA:94,7
DA:96,7
DA:105,7
DA:106,7
DA:107,7
DA:116,7
DA:117,7
DA:118,7
DA:119,7
DA:125,7
DA:126,7
DA:127,7
DA:128,7
DA:129,7
DA:130,7
DA:137,7
DA:138,5
DA:139,5
DA:146,7
DA:147,4
DA:148,4
DA:149,4
DA:150,4
DA:157,7
DA:158,1
DA:159,1
DA:160,1
DA:161,1
DA:168,7
DA:169,1
DA:170,1
DA:171,1
DA:172,1
DA:179,7
DA:180,7
DA:181,7
DA:182,7
DA:188,7
DA:189,0
DA:190,0
DA:193,0
DA:194,0
DA:195,0
DA:198,0
DA:202,0
DA:203,0
DA:210,7
DA:211,7
DA:213,1
DA:214,1
DA:215,1
DA:225,7
DA:226,7
DA:234,22
DA:239,14
DA:240,1
DA:247,13
DA:248,1
DA:249,1
DA:256,12
DA:257,12
DA:258,12
DA:259,12
DA:260,5
DA:261,5
DA:268,7
DA:269,7
DA:272,4
DA:274,3
DA:275,3
DA:280,25
DA:291,23
DA:292,1
DA:293,1
DA:300,22
DA:301,22
DA:302,22
DA:307,21
DA:308,1
DA:309,1
DA:311,20
DA:312,20
DA:313,20
DA:315,1
DA:316,1
DA:328,6
DA:329,2
DA:332,4
DA:333,4
DA:334,3
DA:335,2
DA:336,2
DA:338,1
DA:339,1
DA:341,1
DA:342,1
DA:355,1
DA:356,1
DA:368,2
LF:132
LH:124
BRDA:50,0,0,1
BRDA:50,0,1,23
BRDA:55,1,0,3
BRDA:55,1,1,9
BRDA:55,2,0,12
BRDA:55,2,1,11
BRDA:58,3,0,1
BRDA:58,3,1,8
BRDA:61,4,0,1
BRDA:61,4,1,7
BRDA:72,5,0,5
BRDA:72,5,1,0
BRDA:81,6,0,7
BRDA:81,6,1,7
BRDA:81,7,0,14
BRDA:81,7,1,13
BRDA:126,8,0,7
BRDA:126,8,1,0
BRDA:138,9,0,0
BRDA:138,9,1,5
BRDA:139,10,0,5
BRDA:139,10,1,0
BRDA:147,11,0,0
BRDA:147,11,1,4
BRDA:158,12,0,0
BRDA:158,12,1,1
BRDA:161,13,0,1
BRDA:161,13,1,0
BRDA:169,14,0,0
BRDA:169,14,1,1
BRDA:189,15,0,0
BRDA:189,15,1,0
BRDA:193,16,0,0
BRDA:193,16,1,0
BRDA:198,17,0,0
BRDA:198,17,1,0
BRDA:224,18,0,0
BRDA:225,19,0,7
BRDA:225,19,1,0
BRDA:239,20,0,1
BRDA:239,20,1,13
BRDA:247,21,0,1
BRDA:247,21,1,12
BRDA:259,22,0,5
BRDA:259,22,1,7
BRDA:274,23,0,3
BRDA:274,23,1,0
BRDA:286,24,0,22
BRDA:291,25,0,1
BRDA:291,25,1,22
BRDA:307,26,0,1
BRDA:307,26,1,20
BRDA:315,27,0,1
BRDA:315,27,1,0
BRDA:328,28,0,2
BRDA:328,28,1,4
BRDA:334,29,0,2
BRDA:334,29,1,1
BRDA:341,30,0,1
BRDA:341,30,1,0
BRDA:350,31,0,1
BRDA:368,32,0,1
BRDA:368,32,1,1
BRF:63
BRH:44
end_of_record
